1622895115710	geckodriver	INFO	Listening on 127.0.0.1:21303
1622895277693	geckodriver	INFO	Listening on 127.0.0.1:21004
1622895280752	mozrunner::runner	INFO	Running command: "C:\\Program Files\\Mozilla Firefox\\firefox.exe" "--marionette" "--no-sandbox" "--disable-gpu" "--disable-dev-shm-usage" "--disable-notifications" "-foreground" "-no-remote" "-profile" "c:\\temp\\rust_mozprofilegi5SdC"
1622895281072	Marionette	INFO	Marionette enabled
console.warn: SearchSettings: "get: No settings file exists, new profile?" (new NotFoundError("Could not open the file at C:\\temp\\rust_mozprofilegi5SdC\\search.json.mozlz4", (void 0)))
1622895282645	Marionette	INFO	Listening on port 21012
1622895282916	Marionette	WARN	TLS certificate errors will be ignored for this session
1622895300894	Marionette	WARN	TimedPromise timed out after 500 ms: stacktrace:
TimedPromise/<@chrome://marionette/content/sync.js:237:19
TimedPromise@chrome://marionette/content/sync.js:222:10
interaction.flushEventLoop@chrome://marionette/content/interaction.js:431:10
webdriverClickElement@chrome://marionette/content/interaction.js:179:31
[Child 10468, IPC I/O Child] WARNING: pipe error: 232: file /builds/worker/checkouts/gecko/ipc/chromium/src/chrome/common/ipc_channel_win.cc:544
[Child 10468, IPC I/O Child] WARNING: pipe error: 232: file /builds/worker/checkouts/gecko/ipc/chromium/src/chrome/common/ipc_channel_win.cc:544
1622895304435	Marionette	INFO	Stopped listening on port 21012
1622908685970	geckodriver	INFO	Listening on 127.0.0.1:32918
1622908689207	mozrunner::runner	INFO	Running command: "C:\\Program Files\\Mozilla Firefox\\firefox.exe" "--marionette" "--no-sandbox" "--disable-gpu" "--disable-dev-shm-usage" "--disable-notifications" "-foreground" "-no-remote" "-profile" "c:\\temp\\rust_mozprofileNMsGw2"
1622908689850	Marionette	INFO	Marionette enabled
console.warn: SearchSettings: "get: No settings file exists, new profile?" (new NotFoundError("Could not open the file at C:\\temp\\rust_mozprofileNMsGw2\\search.json.mozlz4", (void 0)))
1622908692754	Marionette	INFO	Listening on port 32926
1622908693144	Marionette	WARN	TLS certificate errors will be ignored for this session
JavaScript error: resource://gre/modules/Prompter.jsm, line 66: NS_NOINTERFACE: 
JavaScript error: resource://gre/modules/Prompter.jsm, line 66: NS_NOINTERFACE: 
JavaScript error: resource://gre/modules/Prompter.jsm, line 66: NS_NOINTERFACE: 
JavaScript error: resource://gre/modules/Prompter.jsm, line 66: NS_NOINTERFACE: 
JavaScript error: resource://gre/modules/Prompter.jsm, line 66: NS_NOINTERFACE: 
JavaScript error: resource://gre/modules/Prompter.jsm, line 66: NS_NOINTERFACE: 
1622908714073	Marionette	WARN	TimedPromise timed out after 500 ms: stacktrace:
TimedPromise/<@chrome://marionette/content/sync.js:237:19
TimedPromise@chrome://marionette/content/sync.js:222:10
interaction.flushEventLoop@chrome://marionette/content/interaction.js:431:10
webdriverClickElement@chrome://marionette/content/interaction.js:179:31
1622908717116	Marionette	WARN	TimedPromise timed out after 500 ms: stacktrace:
TimedPromise/<@chrome://marionette/content/sync.js:237:19
TimedPromise@chrome://marionette/content/sync.js:222:10
interaction.flushEventLoop@chrome://marionette/content/interaction.js:431:10
webdriverClickElement@chrome://marionette/content/interaction.js:179:31
JavaScript error: resource://gre/modules/Prompter.jsm, line 66: NS_NOINTERFACE: 
JavaScript error: resource://gre/modules/Prompter.jsm, line 66: NS_NOINTERFACE: 
1622908739746	Marionette	INFO	Stopped listening on port 32926

###!!! [Child][RunMessage] Error: Channel closing: too late to send/recv, messages will be lost

1622909015275	geckodriver	INFO	Listening on 127.0.0.1:30701
1622909018507	mozrunner::runner	INFO	Running command: "C:\\Program Files\\Mozilla Firefox\\firefox.exe" "--marionette" "--no-sandbox" "--disable-gpu" "--disable-dev-shm-usage" "--disable-notifications" "-foreground" "-no-remote" "-profile" "c:\\temp\\rust_mozprofileJEdhpJ"
1622909019180	Marionette	INFO	Marionette enabled
console.warn: SearchSettings: "get: No settings file exists, new profile?" (new NotFoundError("Could not open the file at C:\\temp\\rust_mozprofileJEdhpJ\\search.json.mozlz4", (void 0)))
1622909021914	Marionette	INFO	Listening on port 30709
1622909022510	Marionette	WARN	TLS certificate errors will be ignored for this session
1622909054640	Marionette	INFO	Stopped listening on port 30709

###!!! [Child][RunMessage] Error: Channel closing: too late to send/recv, messages will be lost

1622909106719	geckodriver	INFO	Listening on 127.0.0.1:30753
1622909109936	mozrunner::runner	INFO	Running command: "C:\\Program Files\\Mozilla Firefox\\firefox.exe" "--marionette" "--no-sandbox" "--disable-gpu" "--disable-dev-shm-usage" "--disable-notifications" "--headless" "--disable-extensions" "user-agent=Mozilla/5.0 (Windows NT 10.0; Win64; x64) AppleWebKit/537.36 (KHTML, like Gecko) Chrome/91.0.4472.77 Safari/537.36" "-foreground" "-no-remote" "-profile" "c:\\temp\\rust_mozprofileefTDsc"
*** You are running in headless mode.
1622909110809	Marionette	INFO	Marionette enabled
console.warn: SearchSettings: "get: No settings file exists, new profile?" (new NotFoundError("Could not open the file at C:\\temp\\rust_mozprofileefTDsc\\search.json.mozlz4", (void 0)))
1622909112667	Marionette	INFO	Listening on port 1038
1622909112732	Marionette	WARN	TLS certificate errors will be ignored for this session
JavaScript error: resource://gre/modules/Prompter.jsm, line 66: NS_NOINTERFACE: 
JavaScript error: resource://gre/modules/Prompter.jsm, line 66: NS_NOINTERFACE: 
JavaScript error: resource://gre/modules/Prompter.jsm, line 66: NS_NOINTERFACE: 
JavaScript error: resource://gre/modules/Prompter.jsm, line 66: NS_NOINTERFACE: 
JavaScript error: resource://gre/modules/Prompter.jsm, line 66: NS_NOINTERFACE: 
JavaScript error: resource://gre/modules/Prompter.jsm, line 66: NS_NOINTERFACE: 
1622909131439	Marionette	WARN	TimedPromise timed out after 500 ms: stacktrace:
TimedPromise/<@chrome://marionette/content/sync.js:237:19
TimedPromise@chrome://marionette/content/sync.js:222:10
interaction.flushEventLoop@chrome://marionette/content/interaction.js:431:10
webdriverClickElement@chrome://marionette/content/interaction.js:179:31
JavaScript error: resource://gre/modules/Prompter.jsm, line 66: NS_NOINTERFACE: 
JavaScript error: resource://gre/modules/Prompter.jsm, line 66: NS_NOINTERFACE: 
JavaScript error: resource://gre/modules/Prompter.jsm, line 66: NS_NOINTERFACE: 
JavaScript error: resource://gre/modules/Prompter.jsm, line 66: NS_NOINTERFACE: 
JavaScript error: resource://gre/modules/Prompter.jsm, line 66: NS_NOINTERFACE: 
1622965667750	geckodriver	INFO	Listening on 127.0.0.1:16646
1622965670977	mozrunner::runner	INFO	Running command: "C:\\Program Files\\Mozilla Firefox\\firefox.exe" "--marionette" "--no-sandbox" "--disable-gpu" "--disable-dev-shm-usage" "--disable-notifications" "--disable-extensions" "user-agent=Mozilla/5.0 (Windows NT 10.0; Win64; x64) AppleWebKit/537.36 (KHTML, like Gecko) Chrome/91.0.4472.77 Safari/537.36" "-foreground" "-no-remote" "-profile" "c:\\temp\\rust_mozprofileeaWeaD"
1622965672296	Marionette	INFO	Marionette enabled
console.warn: SearchSettings: "get: No settings file exists, new profile?" (new NotFoundError("Could not open the file at C:\\temp\\rust_mozprofileeaWeaD\\search.json.mozlz4", (void 0)))
1622965675209	Marionette	INFO	Listening on port 16654
1622965675560	Marionette	WARN	TLS certificate errors will be ignored for this session
JavaScript error: resource://gre/modules/Prompter.jsm, line 66: NS_NOINTERFACE: 
JavaScript error: resource://gre/modules/Prompter.jsm, line 66: NS_NOINTERFACE: 
JavaScript error: resource://gre/modules/Prompter.jsm, line 66: NS_NOINTERFACE: 
JavaScript error: resource://gre/modules/Prompter.jsm, line 66: NS_NOINTERFACE: 
JavaScript error: resource://gre/modules/Prompter.jsm, line 66: NS_NOINTERFACE: 
JavaScript error: resource://gre/modules/Prompter.jsm, line 66: NS_NOINTERFACE: 
1622965713391	Marionette	INFO	Stopped listening on port 16654

###!!! [Child][RunMessage] Error: Channel closing: too late to send/recv, messages will be lost

